<?xml version="1.0" encoding="UTF-8"?>
<testsuite name="Academy Choucair" tests="1" skipped="0" failures="0" errors="0" timestamp="2021-05-05T20:24:59" hostname="PCsillo" time="17.815">
  <properties/>
  <testcase name="search fot a automation course" classname="Academy Choucair" time="17.815"/>
  <system-out><![CDATA[]]></system-out>
  <system-err><![CDATA[[Test worker] WARN net.thucydides.core.steps.BaseStepListener - stepStarted: net.thucydides.core.steps.ExecutedStepDescription@122f8e7a
[Test worker] WARN net.thucydides.core.steps.BaseStepListener - stepStarted: net.thucydides.core.steps.ExecutedStepDescription@752f105f
[Test worker] WARN net.thucydides.core.steps.BaseStepListener - stepStarted: net.thucydides.core.steps.ExecutedStepDescription@7fedff23
may 05, 2021 3:25:00 PM org.openqa.selenium.remote.DesiredCapabilities chrome
INFORMACIÓN: Using `new ChromeOptions()` is preferred to `DesiredCapabilities.chrome()`
[Test worker] INFO net.serenitybdd.core.webdriver.driverproviders.ProvideNewDriver - Instantiating driver
[Test worker] INFO net.serenitybdd.core.webdriver.driverproviders.ProvideNewDriver - Driver capabilities: Capabilities {acceptInsecureCerts: false, browserName: chrome, chrome.switches: --start-maximized, goog:chromeOptions: {args: [--start-maximized], extensions: []}, loggingPrefs: org.openqa.selenium.logging..., platform: ANY, version: }
Starting ChromeDriver 90.0.4430.24 (4c6d850f087da467d926e8eddb76550aed655991-refs/branch-heads/4430@{#429}) on port 4350
Only local connections are allowed.
Please see https://chromedriver.chromium.org/security-considerations for suggestions on keeping ChromeDriver safe.
ChromeDriver was started successfully.
may 05, 2021 3:25:01 PM org.openqa.selenium.remote.ProtocolHandshake createSession
INFORMACIÓN: Detected dialect: W3C
[Test worker] WARN net.thucydides.core.steps.BaseStepListener - stepFinished: current outcome:search fot a automation course:Given than brandon wants to learn automation at the acedemy Choucair
| strUser | strPassword |
| 1058325293 | Choucair2021* | [Brandon open up [Brandon opens the Choucair academy page]]
[Test worker] WARN net.thucydides.core.steps.BaseStepListener - stepFinished: current outcome:search fot a automation course:Given than brandon wants to learn automation at the acedemy Choucair
| strUser | strPassword |
| 1058325293 | Choucair2021* | [Brandon open up [Brandon opens the Choucair academy page]]
[Test worker] WARN net.thucydides.core.steps.BaseStepListener - stepStarted: net.thucydides.core.steps.ExecutedStepDescription@13bc9c7c
[Test worker] WARN net.thucydides.core.steps.BaseStepListener - stepStarted: net.thucydides.core.steps.ExecutedStepDescription@3ccf4bfb
[Test worker] WARN net.thucydides.core.steps.BaseStepListener - stepFinished: current outcome:search fot a automation course:Given than brandon wants to learn automation at the acedemy Choucair
| strUser | strPassword |
| 1058325293 | Choucair2021* | [Brandon open up [Brandon opens the Choucair academy page], Brandon login [Brandon clicks on button that shows us the form to login]]
[Test worker] WARN net.thucydides.core.steps.BaseStepListener - stepStarted: net.thucydides.core.steps.ExecutedStepDescription@1c0a9962
[Test worker] WARN net.thucydides.core.steps.BaseStepListener - stepFinished: current outcome:search fot a automation course:Given than brandon wants to learn automation at the acedemy Choucair
| strUser | strPassword |
| 1058325293 | Choucair2021* | [Brandon open up [Brandon opens the Choucair academy page], Brandon login [Brandon clicks on button that shows us the form to login, Brandon enters '1058325293' into where do we write the user]]
[Test worker] WARN net.thucydides.core.steps.BaseStepListener - stepStarted: net.thucydides.core.steps.ExecutedStepDescription@39750b25
[Test worker] WARN net.thucydides.core.steps.BaseStepListener - stepFinished: current outcome:search fot a automation course:Given than brandon wants to learn automation at the acedemy Choucair
| strUser | strPassword |
| 1058325293 | Choucair2021* | [Brandon open up [Brandon opens the Choucair academy page], Brandon login [Brandon clicks on button that shows us the form to login, Brandon enters '1058325293' into where do we write the user, Brandon enters 'Choucair2021*' into where do we write the password]]
[Test worker] WARN net.thucydides.core.steps.BaseStepListener - stepStarted: net.thucydides.core.steps.ExecutedStepDescription@78a28d9d
[Test worker] WARN net.thucydides.core.steps.BaseStepListener - stepFinished: current outcome:search fot a automation course:Given than brandon wants to learn automation at the acedemy Choucair
| strUser | strPassword |
| 1058325293 | Choucair2021* | [Brandon open up [Brandon opens the Choucair academy page], Brandon login [Brandon clicks on button that shows us the form to login, Brandon enters '1058325293' into where do we write the user, Brandon enters 'Choucair2021*' into where do we write the password, Brandon clicks on button to confirm login]]
[Test worker] WARN net.thucydides.core.steps.BaseStepListener - stepFinished: current outcome:search fot a automation course:Given than brandon wants to learn automation at the acedemy Choucair
| strUser | strPassword |
| 1058325293 | Choucair2021* | [Brandon open up [Brandon opens the Choucair academy page], Brandon login [Brandon clicks on button that shows us the form to login, Brandon enters '1058325293' into where do we write the user, Brandon enters 'Choucair2021*' into where do we write the password, Brandon clicks on button to confirm login]]
[Test worker] WARN net.thucydides.core.steps.BaseStepListener - stepFinished: current outcome:search fot a automation course:Given than brandon wants to learn automation at the acedemy Choucair
| strUser | strPassword |
| 1058325293 | Choucair2021* | [Brandon open up [Brandon opens the Choucair academy page], Brandon login [Brandon clicks on button that shows us the form to login, Brandon enters '1058325293' into where do we write the user, Brandon enters 'Choucair2021*' into where do we write the password, Brandon clicks on button to confirm login]]
[Test worker] WARN net.thucydides.core.steps.BaseStepListener - stepStarted: net.thucydides.core.steps.ExecutedStepDescription@5a2ff70a
[Test worker] WARN net.thucydides.core.steps.BaseStepListener - stepStarted: net.thucydides.core.steps.ExecutedStepDescription@421e6d8b
[Test worker] WARN net.thucydides.core.steps.BaseStepListener - stepStarted: net.thucydides.core.steps.ExecutedStepDescription@77dd56e6
[Test worker] WARN net.thucydides.core.steps.BaseStepListener - stepFinished: current outcome:search fot a automation course:Given than brandon wants to learn automation at the acedemy Choucair
| strUser | strPassword |
| 1058325293 | Choucair2021* | [Brandon open up [Brandon opens the Choucair academy page], Brandon login [Brandon clicks on button that shows us the form to login, Brandon enters '1058325293' into where do we write the user, Brandon enters 'Choucair2021*' into where do we write the password, Brandon clicks on button to confirm login]], When he search for the course Foundation Express on the choucair academy platform
| strCourse |
| Foundation Express | [Brandon search [Brandon clicks on selecciona los Cursos y Certificaciones ]]
[Test worker] WARN net.thucydides.core.steps.BaseStepListener - stepStarted: net.thucydides.core.steps.ExecutedStepDescription@3b8ad17e
[Test worker] WARN net.thucydides.core.steps.BaseStepListener - stepFinished: current outcome:search fot a automation course:Given than brandon wants to learn automation at the acedemy Choucair
| strUser | strPassword |
| 1058325293 | Choucair2021* | [Brandon open up [Brandon opens the Choucair academy page], Brandon login [Brandon clicks on button that shows us the form to login, Brandon enters '1058325293' into where do we write the user, Brandon enters 'Choucair2021*' into where do we write the password, Brandon clicks on button to confirm login]], When he search for the course Foundation Express on the choucair academy platform
| strCourse |
| Foundation Express | [Brandon search [Brandon clicks on selecciona los Cursos y Certificaciones , Brandon enters 'Foundation Express' into Buscar el curso]]
[Test worker] WARN net.thucydides.core.steps.BaseStepListener - stepStarted: net.thucydides.core.steps.ExecutedStepDescription@67eeacc5
[Test worker] WARN net.thucydides.core.steps.BaseStepListener - stepFinished: current outcome:search fot a automation course:Given than brandon wants to learn automation at the acedemy Choucair
| strUser | strPassword |
| 1058325293 | Choucair2021* | [Brandon open up [Brandon opens the Choucair academy page], Brandon login [Brandon clicks on button that shows us the form to login, Brandon enters '1058325293' into where do we write the user, Brandon enters 'Choucair2021*' into where do we write the password, Brandon clicks on button to confirm login]], When he search for the course Foundation Express on the choucair academy platform
| strCourse |
| Foundation Express | [Brandon search [Brandon clicks on selecciona los Cursos y Certificaciones , Brandon enters 'Foundation Express' into Buscar el curso, Brandon clicks on Da click para buscar el curso]]
[Test worker] WARN net.thucydides.core.steps.BaseStepListener - stepStarted: net.thucydides.core.steps.ExecutedStepDescription@52fe3cb3
[Test worker] WARN net.thucydides.core.steps.BaseStepListener - stepFinished: current outcome:search fot a automation course:Given than brandon wants to learn automation at the acedemy Choucair
| strUser | strPassword |
| 1058325293 | Choucair2021* | [Brandon open up [Brandon opens the Choucair academy page], Brandon login [Brandon clicks on button that shows us the form to login, Brandon enters '1058325293' into where do we write the user, Brandon enters 'Choucair2021*' into where do we write the password, Brandon clicks on button to confirm login]], When he search for the course Foundation Express on the choucair academy platform
| strCourse |
| Foundation Express | [Brandon search [Brandon clicks on selecciona los Cursos y Certificaciones , Brandon enters 'Foundation Express' into Buscar el curso, Brandon clicks on Da click para buscar el curso, Brandon clicks on Da click para buscar el curso]]
[Test worker] WARN net.thucydides.core.steps.BaseStepListener - stepFinished: current outcome:search fot a automation course:Given than brandon wants to learn automation at the acedemy Choucair
| strUser | strPassword |
| 1058325293 | Choucair2021* | [Brandon open up [Brandon opens the Choucair academy page], Brandon login [Brandon clicks on button that shows us the form to login, Brandon enters '1058325293' into where do we write the user, Brandon enters 'Choucair2021*' into where do we write the password, Brandon clicks on button to confirm login]], When he search for the course Foundation Express on the choucair academy platform
| strCourse |
| Foundation Express | [Brandon search [Brandon clicks on selecciona los Cursos y Certificaciones , Brandon enters 'Foundation Express' into Buscar el curso, Brandon clicks on Da click para buscar el curso, Brandon clicks on Da click para buscar el curso]]
[Test worker] WARN net.thucydides.core.steps.BaseStepListener - stepFinished: current outcome:search fot a automation course:Given than brandon wants to learn automation at the acedemy Choucair
| strUser | strPassword |
| 1058325293 | Choucair2021* | [Brandon open up [Brandon opens the Choucair academy page], Brandon login [Brandon clicks on button that shows us the form to login, Brandon enters '1058325293' into where do we write the user, Brandon enters 'Choucair2021*' into where do we write the password, Brandon clicks on button to confirm login]], When he search for the course Foundation Express on the choucair academy platform
| strCourse |
| Foundation Express | [Brandon search [Brandon clicks on selecciona los Cursos y Certificaciones , Brandon enters 'Foundation Express' into Buscar el curso, Brandon clicks on Da click para buscar el curso, Brandon clicks on Da click para buscar el curso]]
[Test worker] WARN net.thucydides.core.steps.BaseStepListener - stepStarted: net.thucydides.core.steps.ExecutedStepDescription@10bbb990
[Test worker] WARN net.thucydides.core.steps.BaseStepListener - stepStarted: net.thucydides.core.steps.ExecutedStepDescription@2583fb25
[Test worker] WARN net.thucydides.core.steps.BaseStepListener - stepFinished: current outcome:search fot a automation course:Given than brandon wants to learn automation at the acedemy Choucair
| strUser | strPassword |
| 1058325293 | Choucair2021* | [Brandon open up [Brandon opens the Choucair academy page], Brandon login [Brandon clicks on button that shows us the form to login, Brandon enters '1058325293' into where do we write the user, Brandon enters 'Choucair2021*' into where do we write the password, Brandon clicks on button to confirm login]], When he search for the course Foundation Express on the choucair academy platform
| strCourse |
| Foundation Express | [Brandon search [Brandon clicks on selecciona los Cursos y Certificaciones , Brandon enters 'Foundation Express' into Buscar el curso, Brandon clicks on Da click para buscar el curso, Brandon clicks on Da click para buscar el curso]], Then he finds the course called
| strCourse |
| Foundation Express | [Then answer]
[Test worker] WARN net.thucydides.core.steps.BaseStepListener - stepFinished: current outcome:search fot a automation course:Given than brandon wants to learn automation at the acedemy Choucair
| strUser | strPassword |
| 1058325293 | Choucair2021* | [Brandon open up [Brandon opens the Choucair academy page], Brandon login [Brandon clicks on button that shows us the form to login, Brandon enters '1058325293' into where do we write the user, Brandon enters 'Choucair2021*' into where do we write the password, Brandon clicks on button to confirm login]], When he search for the course Foundation Express on the choucair academy platform
| strCourse |
| Foundation Express | [Brandon search [Brandon clicks on selecciona los Cursos y Certificaciones , Brandon enters 'Foundation Express' into Buscar el curso, Brandon clicks on Da click para buscar el curso, Brandon clicks on Da click para buscar el curso]], Then he finds the course called
| strCourse |
| Foundation Express | [Then answer]
[Test worker] WARN net.thucydides.core.steps.BaseStepListener - testFinished: search fot a automation course:Given than brandon wants to learn automation at the acedemy Choucair
| strUser | strPassword |
| 1058325293 | Choucair2021* | [Brandon open up [Brandon opens the Choucair academy page], Brandon login [Brandon clicks on button that shows us the form to login, Brandon enters '1058325293' into where do we write the user, Brandon enters 'Choucair2021*' into where do we write the password, Brandon clicks on button to confirm login]], When he search for the course Foundation Express on the choucair academy platform
| strCourse |
| Foundation Express | [Brandon search [Brandon clicks on selecciona los Cursos y Certificaciones , Brandon enters 'Foundation Express' into Buscar el curso, Brandon clicks on Da click para buscar el curso, Brandon clicks on Da click para buscar el curso]], Then he finds the course called
| strCourse |
| Foundation Express | [Then answer]
[Test worker] WARN net.thucydides.core.steps.BaseStepListener - TestOutcomes: [search fot a automation course:Given than brandon wants to learn automation at the acedemy Choucair
| strUser | strPassword |
| 1058325293 | Choucair2021* | [Brandon open up [Brandon opens the Choucair academy page], Brandon login [Brandon clicks on button that shows us the form to login, Brandon enters '1058325293' into where do we write the user, Brandon enters 'Choucair2021*' into where do we write the password, Brandon clicks on button to confirm login]], When he search for the course Foundation Express on the choucair academy platform
| strCourse |
| Foundation Express | [Brandon search [Brandon clicks on selecciona los Cursos y Certificaciones , Brandon enters 'Foundation Express' into Buscar el curso, Brandon clicks on Da click para buscar el curso, Brandon clicks on Da click para buscar el curso]], Then he finds the course called
| strCourse |
| Foundation Express | [Then answer]]
[Test worker] WARN net.thucydides.core.steps.BaseStepListener - Final testOutcomes: [search fot a automation course:Given than brandon wants to learn automation at the acedemy Choucair
| strUser | strPassword |
| 1058325293 | Choucair2021* | [Brandon open up [Brandon opens the Choucair academy page], Brandon login [Brandon clicks on button that shows us the form to login, Brandon enters '1058325293' into where do we write the user, Brandon enters 'Choucair2021*' into where do we write the password, Brandon clicks on button to confirm login]], When he search for the course Foundation Express on the choucair academy platform
| strCourse |
| Foundation Express | [Brandon search [Brandon clicks on selecciona los Cursos y Certificaciones , Brandon enters 'Foundation Express' into Buscar el curso, Brandon clicks on Da click para buscar el curso, Brandon clicks on Da click para buscar el curso]], Then he finds the course called
| strCourse |
| Foundation Express | [Then answer]]
[Test worker] INFO net.thucydides.core.steps.ConsoleLoggingListener - 
        __    _____ _____ ____ _____   ____   _    ____  ____  _____ ____  
  _     \ \  |_   _| ____/ ___|_   _| |  _ \ / \  / ___|/ ___|| ____|  _ \ 
 (_)_____| |   | | |  _| \___ \ | |   | |_) / _ \ \___ \\___ \|  _| | | | |
  _|_____| |   | | | |___ ___) || |   |  __/ ___ \ ___) |___) | |___| |_| |
 (_)     | |   |_| |_____|____/ |_|   |_| /_/   \_\____/|____/|_____|____/ 
        /_/                                                                

TEST PASSED: search fot a automation course
----------------------------------------------------------------------------
]]></system-err>
</testsuite>
